#
# A fatal error has been detected by the Java Runtime Environment:
#
#  Internal Error (constantTag.cpp:65), pid=3828, tid=18696
#  Error: ShouldNotReachHere()
#
# JRE version: Java(TM) SE Runtime Environment (16.0.1+9) (build 16.0.1+9-24)
# Java VM: Java HotSpot(TM) 64-Bit Server VM (16.0.1+9-24, mixed mode, sharing, tiered, compressed oops, compressed class ptrs, g1 gc, windows-amd64)
# No core dump will be written. Minidumps are not enabled by default on client versions of Windows
#
# If you would like to submit a bug report, please visit:
#   https://bugreport.java.com/bugreport/crash.jsp
#

---------------  S U M M A R Y ------------

Command Line: -XX:+ShowCodeDetailsInExceptionMessages -agentlib:jdwp=transport=dt_socket,suspend=y,address=localhost:57970 -ea -Dfile.encoding=Cp1252 org.testng.remote.RemoteTestNG -serport 57969 -protocol json -d C:\Users\fouad.rached\Documents\eclipse-workspace\TXGO\test-output C:\Users\fouad.rached\Documents\eclipse-workspace\TXGO\testng.xml

Host: Intel(R) Core(TM) i7-8665U CPU @ 1.90GHz, 8 cores, 15G,  Windows 10 , 64 bit Build 18362 (10.0.18362.1645)
Time: Wed Jul 28 15:40:48 2021 Middle East Daylight Time elapsed time: 5253.579888 seconds (0d 1h 27m 33s)

---------------  T H R E A D  ---------------

Current thread (0x000001684c660d60):  VMThread "VM Thread" [stack: 0x0000000d06200000,0x0000000d06300000] [id=18696]

Stack: [0x0000000d06200000,0x0000000d06300000]
Native frames: (J=compiled Java code, j=interpreted, Vv=VM code, C=native code)
V  [jvm.dll+0x6687ca]
V  [jvm.dll+0x7ca3c9]
V  [jvm.dll+0x7cbb53]
V  [jvm.dll+0x7cc167]
V  [jvm.dll+0x242e0c]
V  [jvm.dll+0x242d53]
V  [jvm.dll+0x23e44f]
V  [jvm.dll+0x2387ad]
V  [jvm.dll+0x32e490]
V  [jvm.dll+0x32fd1e]
V  [jvm.dll+0x32d39f]
V  [jvm.dll+0x32c627]
V  [jvm.dll+0x6572ce]
V  [jvm.dll+0x656fd3]
V  [jvm.dll+0x61c848]
V  [jvm.dll+0x7c1e55]
V  [jvm.dll+0x520b76]
V  [jvm.dll+0x7d05eb]
V  [jvm.dll+0x7d12e4]
V  [jvm.dll+0x7d17e9]
V  [jvm.dll+0x7d1aa4]
V  [jvm.dll+0x7d1b70]
V  [jvm.dll+0x779b4a]
V  [jvm.dll+0x667666]
C  [ucrtbase.dll+0x210b2]
C  [KERNEL32.DLL+0x17c24]
C  [ntdll.dll+0x6d721]

VM_Operation (0x0000000d06cff0b0): get/set locals, mode: safepoint, requested by thread 0x000001684d15a340


---------------  P R O C E S S  ---------------

Threads class SMR info:
_java_thread_list=0x000001684dc88940, length=20, elements={
0x00000168292d4930, 0x000001684c6638b0, 0x000001684c664680, 0x000001684c6737d0,
0x000001684c6752f0, 0x000001684c677c10, 0x000001684c683a30, 0x000001684c686730,
0x000001684c689950, 0x000001684d010060, 0x000001684d15a340, 0x000001684d15d780,
0x000001684d1606f0, 0x000001684d1662d0, 0x000001684d174060, 0x000001684da6f170,
0x000001684e5280e0, 0x000001684e529620, 0x000001684e528b80, 0x000001684e526100
}

Java Threads: ( => current thread )
  0x00000168292d4930 JavaThread "main" [_thread_blocked, id=17440, stack(0x0000000d05c00000,0x0000000d05d00000)]
  0x000001684c6638b0 JavaThread "Reference Handler" daemon [_thread_blocked, id=4284, stack(0x0000000d06300000,0x0000000d06400000)]
  0x000001684c664680 JavaThread "Finalizer" daemon [_thread_blocked, id=15400, stack(0x0000000d06400000,0x0000000d06500000)]
  0x000001684c6737d0 JavaThread "Signal Dispatcher" daemon [_thread_blocked, id=16292, stack(0x0000000d06500000,0x0000000d06600000)]
  0x000001684c6752f0 JavaThread "Attach Listener" daemon [_thread_blocked, id=19040, stack(0x0000000d06600000,0x0000000d06700000)]
  0x000001684c677c10 JavaThread "Service Thread" daemon [_thread_blocked, id=17860, stack(0x0000000d06700000,0x0000000d06800000)]
  0x000001684c683a30 JavaThread "Monitor Deflation Thread" daemon [_thread_blocked, id=19880, stack(0x0000000d06800000,0x0000000d06900000)]
  0x000001684c686730 JavaThread "C2 CompilerThread0" daemon [_thread_blocked, id=18908, stack(0x0000000d06900000,0x0000000d06a00000)]
  0x000001684c689950 JavaThread "C1 CompilerThread0" daemon [_thread_blocked, id=19516, stack(0x0000000d06a00000,0x0000000d06b00000)]
  0x000001684d010060 JavaThread "Sweeper thread" daemon [_thread_blocked, id=16364, stack(0x0000000d06b00000,0x0000000d06c00000)]
  0x000001684d15a340 JavaThread "JDWP Transport Listener: dt_socket" daemon [_thread_blocked, id=17308, stack(0x0000000d06c00000,0x0000000d06d00000)]
  0x000001684d15d780 JavaThread "JDWP Event Helper Thread" daemon [_thread_blocked, id=15684, stack(0x0000000d06d00000,0x0000000d06e00000)]
  0x000001684d1606f0 JavaThread "JDWP Command Reader" daemon [_thread_in_native, id=15912, stack(0x0000000d06e00000,0x0000000d06f00000)]
  0x000001684d1662d0 JavaThread "Notification Thread" daemon [_thread_blocked, id=16284, stack(0x0000000d06f00000,0x0000000d07000000)]
  0x000001684d174060 JavaThread "Common-Cleaner" daemon [_thread_blocked, id=17300, stack(0x0000000d07100000,0x0000000d07200000)]
  0x000001684da6f170 JavaThread "ReaderThread" [_thread_in_native, id=3160, stack(0x0000000d07400000,0x0000000d07500000)]
  0x000001684e5280e0 JavaThread "Exec Default Executor" daemon [_thread_in_native, id=14672, stack(0x0000000d07e00000,0x0000000d07f00000)]
  0x000001684e529620 JavaThread "Exec Stream Pumper" daemon [_thread_in_native, id=9964, stack(0x0000000d08000000,0x0000000d08100000)]
  0x000001684e528b80 JavaThread "Exec Stream Pumper" daemon [_thread_in_native, id=20200, stack(0x0000000d08100000,0x0000000d08200000)]
  0x000001684e526100 JavaThread "Okio Watchdog" daemon [_thread_blocked, id=16052, stack(0x0000000d08300000,0x0000000d08400000)]

Other Threads:
=>0x000001684c660d60 VMThread "VM Thread" [stack: 0x0000000d06200000,0x0000000d06300000] [id=18696]
  0x000001684d16e010 WatcherThread [stack: 0x0000000d07000000,0x0000000d07100000] [id=15476]
  0x00000168293251d0 GCTaskThread "GC Thread#0" [stack: 0x0000000d05d00000,0x0000000d05e00000] [id=17092]
  0x000001684df3ec90 GCTaskThread "GC Thread#1" [stack: 0x0000000d07500000,0x0000000d07600000] [id=19072]
  0x000001684e52f980 GCTaskThread "GC Thread#2" [stack: 0x0000000d07600000,0x0000000d07700000] [id=3068]
  0x000001684e52fc90 GCTaskThread "GC Thread#3" [stack: 0x0000000d07700000,0x0000000d07800000] [id=8212]
  0x000001684dfe3980 GCTaskThread "GC Thread#4" [stack: 0x0000000d07800000,0x0000000d07900000] [id=9800]
  0x000001684dfe3c90 GCTaskThread "GC Thread#5" [stack: 0x0000000d07900000,0x0000000d07a00000] [id=3628]
  0x000001684e06ccc0 GCTaskThread "GC Thread#6" [stack: 0x0000000d07a00000,0x0000000d07b00000] [id=14924]
  0x000001684e0bcbd0 GCTaskThread "GC Thread#7" [stack: 0x0000000d07b00000,0x0000000d07c00000] [id=10200]
  0x00000168293366c0 ConcurrentGCThread "G1 Main Marker" [stack: 0x0000000d05e00000,0x0000000d05f00000] [id=16804]
  0x00000168293370c0 ConcurrentGCThread "G1 Conc#0" [stack: 0x0000000d05f00000,0x0000000d06000000] [id=11620]
  0x000001684c5164f0 ConcurrentGCThread "G1 Refine#0" [stack: 0x0000000d06000000,0x0000000d06100000] [id=11656]
  0x000001684df97280 ConcurrentGCThread "G1 Refine#1" [stack: 0x0000000d07c00000,0x0000000d07d00000] [id=13464]
  0x000001684c516f00 ConcurrentGCThread "G1 Service" [stack: 0x0000000d06100000,0x0000000d06200000] [id=8628]

Threads with active compile tasks:

VM state: at safepoint (normal execution)

VM Mutex/Monitor currently owned by a thread:  ([mutex/lock_event])
[0x00000168292d1800] Threads_lock - owner thread: 0x000001684c660d60

Heap address: 0x0000000703000000, size: 4048 MB, Compressed Oops mode: Zero based, Oop shift amount: 3

CDS archive(s) mapped at: [0x0000000800000000-0x0000000800bb0000-0x0000000800bb0000), size 12255232, SharedBaseAddress: 0x0000000800000000, ArchiveRelocationMode: 0.
Compressed class space mapped at: 0x0000000800c00000-0x0000000840c00000, reserved size: 1073741824
Narrow klass base: 0x0000000800000000, Narrow klass shift: 3, Narrow klass range: 0x100000000

GC Precious Log:
 CPUs: 8 total, 8 available
 Memory: 16190M
 Large Page Support: Disabled
 NUMA Support: Disabled
 Compressed Oops: Enabled (Zero based)
 Heap Region Size: 2M
 Heap Min Capacity: 8M
 Heap Initial Capacity: 254M
 Heap Max Capacity: 4048M
 Pre-touch: Disabled
 Parallel Workers: 8
 Concurrent Workers: 2
 Concurrent Refinement Workers: 8
 Periodic GC: Disabled

Heap:
 garbage-first heap   total 260096K, used 15000K [0x0000000703000000, 0x0000000800000000)
  region size 2048K, 6 young (12288K), 2 survivors (4096K)
 Metaspace       used 15122K, committed 15360K, reserved 1064960K
  class space    used 1816K, committed 1920K, reserved 1048576K

Heap Regions: E=young(eden), S=young(survivor), O=old, HS=humongous(starts), HC=humongous(continues), CS=collection set, F=free, OA=open archive, CA=closed archive, TAMS=top-at-mark-start (previous, next)
|   0|0x0000000703000000, 0x0000000703200000, 0x0000000703200000|100%| O|  |TAMS 0x0000000703000000, 0x0000000703000000| Untracked 
|   1|0x0000000703200000, 0x0000000703400000, 0x0000000703400000|100%| O|  |TAMS 0x0000000703200000, 0x0000000703200000| Untracked 
|   2|0x0000000703400000, 0x0000000703600000, 0x0000000703600000|100%| O|  |TAMS 0x0000000703400000, 0x0000000703400000| Untracked 
|   3|0x0000000703600000, 0x0000000703655600, 0x0000000703800000| 16%| O|  |TAMS 0x0000000703600000, 0x0000000703600000| Untracked 
|   4|0x0000000703800000, 0x0000000703800000, 0x0000000703a00000|  0%| F|  |TAMS 0x0000000703800000, 0x0000000703800000| Untracked 
|   5|0x0000000703a00000, 0x0000000703a00000, 0x0000000703c00000|  0%| F|  |TAMS 0x0000000703a00000, 0x0000000703a00000| Untracked 
|   6|0x0000000703c00000, 0x0000000703c00000, 0x0000000703e00000|  0%| F|  |TAMS 0x0000000703c00000, 0x0000000703c00000| Untracked 
|   7|0x0000000703e00000, 0x0000000703e00000, 0x0000000704000000|  0%| F|  |TAMS 0x0000000703e00000, 0x0000000703e00000| Untracked 
|   8|0x0000000704000000, 0x0000000704000000, 0x0000000704200000|  0%| F|  |TAMS 0x0000000704000000, 0x0000000704000000| Untracked 
|   9|0x0000000704200000, 0x0000000704200000, 0x0000000704400000|  0%| F|  |TAMS 0x0000000704200000, 0x0000000704200000| Untracked 
|  10|0x0000000704400000, 0x0000000704400000, 0x0000000704600000|  0%| F|  |TAMS 0x0000000704400000, 0x0000000704400000| Untracked 
|  11|0x0000000704600000, 0x0000000704600000, 0x0000000704800000|  0%| F|  |TAMS 0x0000000704600000, 0x0000000704600000| Untracked 
|  12|0x0000000704800000, 0x0000000704800000, 0x0000000704a00000|  0%| F|  |TAMS 0x0000000704800000, 0x0000000704800000| Untracked 
|  13|0x0000000704a00000, 0x0000000704a00000, 0x0000000704c00000|  0%| F|  |TAMS 0x0000000704a00000, 0x0000000704a00000| Untracked 
|  14|0x0000000704c00000, 0x0000000704c00000, 0x0000000704e00000|  0%| F|  |TAMS 0x0000000704c00000, 0x0000000704c00000| Untracked 
|  15|0x0000000704e00000, 0x0000000704e00000, 0x0000000705000000|  0%| F|  |TAMS 0x0000000704e00000, 0x0000000704e00000| Untracked 
|  16|0x0000000705000000, 0x0000000705000000, 0x0000000705200000|  0%| F|  |TAMS 0x0000000705000000, 0x0000000705000000| Untracked 
|  17|0x0000000705200000, 0x0000000705200000, 0x0000000705400000|  0%| F|  |TAMS 0x0000000705200000, 0x0000000705200000| Untracked 
|  18|0x0000000705400000, 0x0000000705400000, 0x0000000705600000|  0%| F|  |TAMS 0x0000000705400000, 0x0000000705400000| Untracked 
|  19|0x0000000705600000, 0x0000000705600000, 0x0000000705800000|  0%| F|  |TAMS 0x0000000705600000, 0x0000000705600000| Untracked 
|  20|0x0000000705800000, 0x0000000705800000, 0x0000000705a00000|  0%| F|  |TAMS 0x0000000705800000, 0x0000000705800000| Untracked 
|  21|0x0000000705a00000, 0x0000000705a00000, 0x0000000705c00000|  0%| F|  |TAMS 0x0000000705a00000, 0x0000000705a00000| Untracked 
|  22|0x0000000705c00000, 0x0000000705c00000, 0x0000000705e00000|  0%| F|  |TAMS 0x0000000705c00000, 0x0000000705c00000| Untracked 
|  23|0x0000000705e00000, 0x0000000705e00000, 0x0000000706000000|  0%| F|  |TAMS 0x0000000705e00000, 0x0000000705e00000| Untracked 
|  24|0x0000000706000000, 0x0000000706000000, 0x0000000706200000|  0%| F|  |TAMS 0x0000000706000000, 0x0000000706000000| Untracked 
|  25|0x0000000706200000, 0x0000000706200000, 0x0000000706400000|  0%| F|  |TAMS 0x0000000706200000, 0x0000000706200000| Untracked 
|  26|0x0000000706400000, 0x0000000706400000, 0x0000000706600000|  0%| F|  |TAMS 0x0000000706400000, 0x0000000706400000| Untracked 
|  27|0x0000000706600000, 0x0000000706600000, 0x0000000706800000|  0%| F|  |TAMS 0x0000000706600000, 0x0000000706600000| Untracked 
|  28|0x0000000706800000, 0x0000000706800000, 0x0000000706a00000|  0%| F|  |TAMS 0x0000000706800000, 0x0000000706800000| Untracked 
|  29|0x0000000706a00000, 0x0000000706a00000, 0x0000000706c00000|  0%| F|  |TAMS 0x0000000706a00000, 0x0000000706a00000| Untracked 
|  30|0x0000000706c00000, 0x0000000706c00000, 0x0000000706e00000|  0%| F|  |TAMS 0x0000000706c00000, 0x0000000706c00000| Untracked 
|  31|0x0000000706e00000, 0x0000000706e00000, 0x0000000707000000|  0%| F|  |TAMS 0x0000000706e00000, 0x0000000706e00000| Untracked 
|  32|0x0000000707000000, 0x0000000707000000, 0x0000000707200000|  0%| F|  |TAMS 0x0000000707000000, 0x0000000707000000| Untracked 
|  33|0x0000000707200000, 0x0000000707200000, 0x0000000707400000|  0%| F|  |TAMS 0x0000000707200000, 0x0000000707200000| Untracked 
|  34|0x0000000707400000, 0x0000000707400000, 0x0000000707600000|  0%| F|  |TAMS 0x0000000707400000, 0x0000000707400000| Untracked 
|  35|0x0000000707600000, 0x0000000707600000, 0x0000000707800000|  0%| F|  |TAMS 0x0000000707600000, 0x0000000707600000| Untracked 
|  36|0x0000000707800000, 0x0000000707800000, 0x0000000707a00000|  0%| F|  |TAMS 0x0000000707800000, 0x0000000707800000| Untracked 
|  37|0x0000000707a00000, 0x0000000707a00000, 0x0000000707c00000|  0%| F|  |TAMS 0x0000000707a00000, 0x0000000707a00000| Untracked 
|  38|0x0000000707c00000, 0x0000000707c00000, 0x0000000707e00000|  0%| F|  |TAMS 0x0000000707c00000, 0x0000000707c00000| Untracked 
|  39|0x0000000707e00000, 0x0000000707e00000, 0x0000000708000000|  0%| F|  |TAMS 0x0000000707e00000, 0x0000000707e00000| Untracked 
|  40|0x0000000708000000, 0x0000000708000000, 0x0000000708200000|  0%| F|  |TAMS 0x0000000708000000, 0x0000000708000000| Untracked 
|  41|0x0000000708200000, 0x0000000708200000, 0x0000000708400000|  0%| F|  |TAMS 0x0000000708200000, 0x0000000708200000| Untracked 
|  42|0x0000000708400000, 0x0000000708400000, 0x0000000708600000|  0%| F|  |TAMS 0x0000000708400000, 0x0000000708400000| Untracked 
|  43|0x0000000708600000, 0x0000000708600000, 0x0000000708800000|  0%| F|  |TAMS 0x0000000708600000, 0x0000000708600000| Untracked 
|  44|0x0000000708800000, 0x0000000708800000, 0x0000000708a00000|  0%| F|  |TAMS 0x0000000708800000, 0x0000000708800000| Untracked 
|  45|0x0000000708a00000, 0x0000000708a00000, 0x0000000708c00000|  0%| F|  |TAMS 0x0000000708a00000, 0x0000000708a00000| Untracked 
|  46|0x0000000708c00000, 0x0000000708c00000, 0x0000000708e00000|  0%| F|  |TAMS 0x0000000708c00000, 0x0000000708c00000| Untracked 
|  47|0x0000000708e00000, 0x0000000708e00000, 0x0000000709000000|  0%| F|  |TAMS 0x0000000708e00000, 0x0000000708e00000| Untracked 
|  48|0x0000000709000000, 0x0000000709000000, 0x0000000709200000|  0%| F|  |TAMS 0x0000000709000000, 0x0000000709000000| Untracked 
|  49|0x0000000709200000, 0x0000000709200000, 0x0000000709400000|  0%| F|  |TAMS 0x0000000709200000, 0x0000000709200000| Untracked 
|  50|0x0000000709400000, 0x0000000709400000, 0x0000000709600000|  0%| F|  |TAMS 0x0000000709400000, 0x0000000709400000| Untracked 
|  51|0x0000000709600000, 0x0000000709600000, 0x0000000709800000|  0%| F|  |TAMS 0x0000000709600000, 0x0000000709600000| Untracked 
|  52|0x0000000709800000, 0x0000000709800000, 0x0000000709a00000|  0%| F|  |TAMS 0x0000000709800000, 0x0000000709800000| Untracked 
|  53|0x0000000709a00000, 0x0000000709a00000, 0x0000000709c00000|  0%| F|  |TAMS 0x0000000709a00000, 0x0000000709a00000| Untracked 
|  54|0x0000000709c00000, 0x0000000709c00000, 0x0000000709e00000|  0%| F|  |TAMS 0x0000000709c00000, 0x0000000709c00000| Untracked 
|  55|0x0000000709e00000, 0x0000000709e00000, 0x000000070a000000|  0%| F|  |TAMS 0x0000000709e00000, 0x0000000709e00000| Untracked 
|  56|0x000000070a000000, 0x000000070a000000, 0x000000070a200000|  0%| F|  |TAMS 0x000000070a000000, 0x000000070a000000| Untracked 
|  57|0x000000070a200000, 0x000000070a200000, 0x000000070a400000|  0%| F|  |TAMS 0x000000070a200000, 0x000000070a200000| Untracked 
|  58|0x000000070a400000, 0x000000070a400000, 0x000000070a600000|  0%| F|  |TAMS 0x000000070a400000, 0x000000070a400000| Untracked 
|  59|0x000000070a600000, 0x000000070a600000, 0x000000070a800000|  0%| F|  |TAMS 0x000000070a600000, 0x000000070a600000| Untracked 
|  60|0x000000070a800000, 0x000000070a800000, 0x000000070aa00000|  0%| F|  |TAMS 0x000000070a800000, 0x000000070a800000| Untracked 
|  61|0x000000070aa00000, 0x000000070aa00000, 0x000000070ac00000|  0%| F|  |TAMS 0x000000070aa00000, 0x000000070aa00000| Untracked 
|  62|0x000000070ac00000, 0x000000070ac00000, 0x000000070ae00000|  0%| F|  |TAMS 0x000000070ac00000, 0x000000070ac00000| Untracked 
|  63|0x000000070ae00000, 0x000000070ae00000, 0x000000070b000000|  0%| F|  |TAMS 0x000000070ae00000, 0x000000070ae00000| Untracked 
|  64|0x000000070b000000, 0x000000070b000000, 0x000000070b200000|  0%| F|  |TAMS 0x000000070b000000, 0x000000070b000000| Untracked 
|  65|0x000000070b200000, 0x000000070b200000, 0x000000070b400000|  0%| F|  |TAMS 0x000000070b200000, 0x000000070b200000| Untracked 
|  66|0x000000070b400000, 0x000000070b400000, 0x000000070b600000|  0%| F|  |TAMS 0x000000070b400000, 0x000000070b400000| Untracked 
|  67|0x000000070b600000, 0x000000070b600000, 0x000000070b800000|  0%| F|  |TAMS 0x000000070b600000, 0x000000070b600000| Untracked 
|  68|0x000000070b800000, 0x000000070b800000, 0x000000070ba00000|  0%| F|  |TAMS 0x000000070b800000, 0x000000070b800000| Untracked 
|  69|0x000000070ba00000, 0x000000070ba00000, 0x000000070bc00000|  0%| F|  |TAMS 0x000000070ba00000, 0x000000070ba00000| Untracked 
|  70|0x000000070bc00000, 0x000000070bc00000, 0x000000070be00000|  0%| F|  |TAMS 0x000000070bc00000, 0x000000070bc00000| Untracked 
|  71|0x000000070be00000, 0x000000070be00000, 0x000000070c000000|  0%| F|  |TAMS 0x000000070be00000, 0x000000070be00000| Untracked 
|  72|0x000000070c000000, 0x000000070c000000, 0x000000070c200000|  0%| F|  |TAMS 0x000000070c000000, 0x000000070c000000| Untracked 
|  73|0x000000070c200000, 0x000000070c200000, 0x000000070c400000|  0%| F|  |TAMS 0x000000070c200000, 0x000000070c200000| Untracked 
|  74|0x000000070c400000, 0x000000070c400000, 0x000000070c600000|  0%| F|  |TAMS 0x000000070c400000, 0x000000070c400000| Untracked 
|  75|0x000000070c600000, 0x000000070c600000, 0x000000070c800000|  0%| F|  |TAMS 0x000000070c600000, 0x000000070c600000| Untracked 
|  76|0x000000070c800000, 0x000000070c800000, 0x000000070ca00000|  0%| F|  |TAMS 0x000000070c800000, 0x000000070c800000| Untracked 
|  77|0x000000070ca00000, 0x000000070ca00000, 0x000000070cc00000|  0%| F|  |TAMS 0x000000070ca00000, 0x000000070ca00000| Untracked 
|  78|0x000000070cc00000, 0x000000070cc00000, 0x000000070ce00000|  0%| F|  |TAMS 0x000000070cc00000, 0x000000070cc00000| Untracked 
|  79|0x000000070ce00000, 0x000000070ce00000, 0x000000070d000000|  0%| F|  |TAMS 0x000000070ce00000, 0x000000070ce00000| Untracked 
|  80|0x000000070d000000, 0x000000070d000000, 0x000000070d200000|  0%| F|  |TAMS 0x000000070d000000, 0x000000070d000000| Untracked 
|  81|0x000000070d200000, 0x000000070d200000, 0x000000070d400000|  0%| F|  |TAMS 0x000000070d200000, 0x000000070d200000| Untracked 
|  82|0x000000070d400000, 0x000000070d400000, 0x000000070d600000|  0%| F|  |TAMS 0x000000070d400000, 0x000000070d400000| Untracked 
|  83|0x000000070d600000, 0x000000070d600000, 0x000000070d800000|  0%| F|  |TAMS 0x000000070d600000, 0x000000070d600000| Untracked 
|  84|0x000000070d800000, 0x000000070d800000, 0x000000070da00000|  0%| F|  |TAMS 0x000000070d800000, 0x000000070d800000| Untracked 
|  85|0x000000070da00000, 0x000000070da00000, 0x000000070dc00000|  0%| F|  |TAMS 0x000000070da00000, 0x000000070da00000| Untracked 
|  86|0x000000070dc00000, 0x000000070dc00000, 0x000000070de00000|  0%| F|  |TAMS 0x000000070dc00000, 0x000000070dc00000| Untracked 
|  87|0x000000070de00000, 0x000000070de00000, 0x000000070e000000|  0%| F|  |TAMS 0x000000070de00000, 0x000000070de00000| Untracked 
|  88|0x000000070e000000, 0x000000070e000000, 0x000000070e200000|  0%| F|  |TAMS 0x000000070e000000, 0x000000070e000000| Untracked 
|  89|0x000000070e200000, 0x000000070e200000, 0x000000070e400000|  0%| F|  |TAMS 0x000000070e200000, 0x000000070e200000| Untracked 
|  90|0x000000070e400000, 0x000000070e400000, 0x000000070e600000|  0%| F|  |TAMS 0x000000070e400000, 0x000000070e400000| Untracked 
|  91|0x000000070e600000, 0x000000070e600000, 0x000000070e800000|  0%| F|  |TAMS 0x000000070e600000, 0x000000070e600000| Untracked 
|  92|0x000000070e800000, 0x000000070e800000, 0x000000070ea00000|  0%| F|  |TAMS 0x000000070e800000, 0x000000070e800000| Untracked 
|  93|0x000000070ea00000, 0x000000070ea00000, 0x000000070ec00000|  0%| F|  |TAMS 0x000000070ea00000, 0x000000070ea00000| Untracked 
|  94|0x000000070ec00000, 0x000000070ec00000, 0x000000070ee00000|  0%| F|  |TAMS 0x000000070ec00000, 0x000000070ec00000| Untracked 
|  95|0x000000070ee00000, 0x000000070ee00000, 0x000000070f000000|  0%| F|  |TAMS 0x000000070ee00000, 0x000000070ee00000| Untracked 
|  96|0x000000070f000000, 0x000000070f000000, 0x000000070f200000|  0%| F|  |TAMS 0x000000070f000000, 0x000000070f000000| Untracked 
|  97|0x000000070f200000, 0x000000070f200000, 0x000000070f400000|  0%| F|  |TAMS 0x000000070f200000, 0x000000070f200000| Untracked 
|  98|0x000000070f400000, 0x000000070f400000, 0x000000070f600000|  0%| F|  |TAMS 0x000000070f400000, 0x000000070f400000| Untracked 
|  99|0x000000070f600000, 0x000000070f600000, 0x000000070f800000|  0%| F|  |TAMS 0x000000070f600000, 0x000000070f600000| Untracked 
| 100|0x000000070f800000, 0x000000070f800000, 0x000000070fa00000|  0%| F|  |TAMS 0x000000070f800000, 0x000000070f800000| Untracked 
| 101|0x000000070fa00000, 0x000000070fa00000, 0x000000070fc00000|  0%| F|  |TAMS 0x000000070fa00000, 0x000000070fa00000| Untracked 
| 102|0x000000070fc00000, 0x000000070fc00000, 0x000000070fe00000|  0%| F|  |TAMS 0x000000070fc00000, 0x000000070fc00000| Untracked 
| 103|0x000000070fe00000, 0x000000070fe00000, 0x0000000710000000|  0%| F|  |TAMS 0x000000070fe00000, 0x000000070fe00000| Untracked 
| 104|0x0000000710000000, 0x0000000710000000, 0x0000000710200000|  0%| F|  |TAMS 0x0000000710000000, 0x0000000710000000| Untracked 
| 105|0x0000000710200000, 0x0000000710200000, 0x0000000710400000|  0%| F|  |TAMS 0x0000000710200000, 0x0000000710200000| Untracked 
| 106|0x0000000710400000, 0x0000000710400000, 0x0000000710600000|  0%| F|  |TAMS 0x0000000710400000, 0x0000000710400000| Untracked 
| 107|0x0000000710600000, 0x0000000710600000, 0x0000000710800000|  0%| F|  |TAMS 0x0000000710600000, 0x0000000710600000| Untracked 
| 108|0x0000000710800000, 0x0000000710800000, 0x0000000710a00000|  0%| F|  |TAMS 0x0000000710800000, 0x0000000710800000| Untracked 
| 109|0x0000000710a00000, 0x0000000710a00000, 0x0000000710c00000|  0%| F|  |TAMS 0x0000000710a00000, 0x0000000710a00000| Untracked 
| 110|0x0000000710c00000, 0x0000000710c00000, 0x0000000710e00000|  0%| F|  |TAMS 0x0000000710c00000, 0x0000000710c00000| Untracked 
| 111|0x0000000710e00000, 0x0000000710e00000, 0x0000000711000000|  0%| F|  |TAMS 0x0000000710e00000, 0x0000000710e00000| Untracked 
| 112|0x0000000711000000, 0x0000000711000000, 0x0000000711200000|  0%| F|  |TAMS 0x0000000711000000, 0x0000000711000000| Untracked 
| 113|0x0000000711200000, 0x0000000711250a18, 0x0000000711400000| 15%| S|CS|TAMS 0x0000000711200000, 0x0000000711200000| Complete 
| 114|0x0000000711400000, 0x0000000711400000, 0x0000000711600000|  0%| F|  |TAMS 0x0000000711400000, 0x0000000711400000| Untracked 
| 115|0x0000000711600000, 0x0000000711600000, 0x0000000711800000|  0%| F|  |TAMS 0x0000000711600000, 0x0000000711600000| Untracked 
| 116|0x0000000711800000, 0x0000000711a00000, 0x0000000711a00000|100%| S|CS|TAMS 0x0000000711800000, 0x0000000711800000| Complete 
| 117|0x0000000711a00000, 0x0000000711a00000, 0x0000000711c00000|  0%| F|  |TAMS 0x0000000711a00000, 0x0000000711a00000| Untracked 
| 118|0x0000000711c00000, 0x0000000711c00000, 0x0000000711e00000|  0%| F|  |TAMS 0x0000000711c00000, 0x0000000711c00000| Untracked 
| 119|0x0000000711e00000, 0x0000000711e00000, 0x0000000712000000|  0%| F|  |TAMS 0x0000000711e00000, 0x0000000711e00000| Untracked 
| 120|0x0000000712000000, 0x0000000712000000, 0x0000000712200000|  0%| F|  |TAMS 0x0000000712000000, 0x0000000712000000| Untracked 
| 121|0x0000000712200000, 0x0000000712200000, 0x0000000712400000|  0%| F|  |TAMS 0x0000000712200000, 0x0000000712200000| Untracked 
| 122|0x0000000712400000, 0x0000000712400000, 0x0000000712600000|  0%| F|  |TAMS 0x0000000712400000, 0x0000000712400000| Untracked 
| 123|0x0000000712600000, 0x0000000712715040, 0x0000000712800000| 54%| E|  |TAMS 0x0000000712600000, 0x0000000712600000| Complete 
| 124|0x0000000712800000, 0x0000000712a00000, 0x0000000712a00000|100%| E|CS|TAMS 0x0000000712800000, 0x0000000712800000| Complete 
| 125|0x0000000712a00000, 0x0000000712c00000, 0x0000000712c00000|100%| E|CS|TAMS 0x0000000712a00000, 0x0000000712a00000| Complete 
| 126|0x0000000712c00000, 0x0000000712e00000, 0x0000000712e00000|100%| E|CS|TAMS 0x0000000712c00000, 0x0000000712c00000| Complete 

Card table byte_map: [0x0000016840d20000,0x0000016841510000] _byte_map_base: 0x000001683d508000

Marking Bits (Prev, Next): (CMBitMap*) 0x00000168293257d0, (CMBitMap*) 0x0000016829325810
 Prev Bits: [0x0000016841d00000, 0x0000016845c40000)
 Next Bits: [0x0000016845c40000, 0x0000016849b80000)

Polling page: 0x00000168279a0000

Metaspace:

Usage:
  Non-class:     12.99 MB used.
      Class:      1.77 MB used.
       Both:     14.77 MB used.

Virtual space:
  Non-class space:       16.00 MB reserved,      13.13 MB ( 82%) committed,  2 nodes.
      Class space:        1.00 GB reserved,       1.88 MB ( <1%) committed,  1 nodes.
              Both:        1.02 GB reserved,      15.00 MB (  1%) committed. 

Chunk freelists:
   Non-Class:  2.60 MB
       Class:  2.08 MB
        Both:  4.68 MB

MaxMetaspaceSize: 17179869184.00 GB
CompressedClassSpaceSize: 1.00 GB
 - commit_granule_bytes: 65536.
 - commit_granule_words: 8192.
 - virtual_space_node_default_size: 1048576.
 - enlarge_chunks_in_place: 1.
 - new_chunks_are_fully_committed: 0.
 - uncommit_free_chunks: 1.
 - use_allocation_guard: 0.
 - handle_deallocations: 1.


Internal statistics:

num_allocs_failed_limit: 0.
num_arena_births: 190.
num_arena_deaths: 0.
num_vsnodes_births: 3.
num_vsnodes_deaths: 0.
num_space_committed: 240.
num_space_uncommitted: 0.
num_chunks_returned_to_freelist: 0.
num_chunks_taken_from_freelist: 568.
num_chunk_merges: 0.
num_chunk_splits: 353.
num_chunks_enlarged: 247.
num_purges: 0.

CodeHeap 'non-profiled nmethods': size=120000Kb used=743Kb max_used=743Kb free=119256Kb
 bounds [0x00000168385a0000, 0x0000016838810000, 0x000001683fad0000]
CodeHeap 'profiled nmethods': size=120000Kb used=3474Kb max_used=3474Kb free=116526Kb
 bounds [0x0000016831070000, 0x00000168313e0000, 0x00000168385a0000]
CodeHeap 'non-nmethods': size=5760Kb used=1311Kb max_used=1364Kb free=4448Kb
 bounds [0x0000016830ad0000, 0x0000016830d40000, 0x0000016831070000]
 total_blobs=2362 nmethods=1818 adapters=456
 compilation: enabled
              stopped_count=0, restarted_count=0
 full_count=0

Compilation events (20 events):
Event: 4.966 Thread 0x000001684c689950 1809       3       java.lang.Class::isLocalOrAnonymousClass (5 bytes)
Event: 4.966 Thread 0x000001684c689950 nmethod 1809 0x00000168313cd110 code [0x00000168313cd2c0, 0x00000168313cd4d8]
Event: 4.966 Thread 0x000001684c689950 1810       3       java.lang.Class::hasEnclosingMethodInfo (17 bytes)
Event: 4.967 Thread 0x000001684c689950 nmethod 1810 0x00000168313cd610 code [0x00000168313cd7c0, 0x00000168313cd998]
Event: 4.967 Thread 0x000001684c689950 1811       3       java.lang.reflect.AccessibleObject::checkPermission (16 bytes)
Event: 4.968 Thread 0x000001684c689950 nmethod 1811 0x00000168313cda90 code [0x00000168313cdc60, 0x00000168313cdfa8]
Event: 4.968 Thread 0x000001684c689950 1812       3       java.lang.reflect.AccessibleObject::checkCanSetAccessible (9 bytes)
Event: 4.968 Thread 0x000001684c689950 nmethod 1812 0x00000168313ce110 code [0x00000168313ce2c0, 0x00000168313ce428]
Event: 4.968 Thread 0x000001684c689950 1813       3       java.lang.reflect.AccessibleObject::checkCanSetAccessible (386 bytes)
Event: 4.972 Thread 0x000001684c689950 nmethod 1813 0x00000168313ce510 code [0x00000168313cecc0, 0x00000168313d27c8]
Event: 4.972 Thread 0x000001684c689950 1814       3       java.lang.reflect.AccessibleObject::setAccessible0 (7 bytes)
Event: 4.973 Thread 0x000001684c689950 nmethod 1814 0x00000168313d3c90 code [0x00000168313d3e20, 0x00000168313d3f38]
Event: 4.973 Thread 0x000001684c689950 1815       1       org.testng.shaded.com.google.gson.reflect.TypeToken::hashCode (5 bytes)
Event: 4.973 Thread 0x000001684c689950 nmethod 1815 0x0000016838659990 code [0x0000016838659b20, 0x0000016838659bf8]
Event: 4.973 Thread 0x000001684c689950 1817       3       java.nio.charset.CoderResult::isUnderflow (13 bytes)
Event: 4.973 Thread 0x000001684c689950 nmethod 1817 0x00000168313d4010 code [0x00000168313d41a0, 0x00000168313d4318]
Event: 4.973 Thread 0x000001684c689950 1816       1       java.util.concurrent.locks.AbstractOwnableSynchronizer::setExclusiveOwnerThread (6 bytes)
Event: 4.973 Thread 0x000001684c689950 nmethod 1816 0x0000016838659c90 code [0x0000016838659e20, 0x0000016838659f38]
Event: 1502.313 Thread 0x000001684c689950 1818       3       jdk.internal.misc.InnocuousThread::eraseThreadLocals (23 bytes)
Event: 1502.313 Thread 0x000001684c689950 nmethod 1818 0x00000168313d4390 code [0x00000168313d4540, 0x00000168313d4738]

GC Heap History (4 events):
Event: 1.405 GC heap before
{Heap before GC invocations=0 (full 0):
 garbage-first heap   total 260096K, used 22528K [0x0000000703000000, 0x0000000800000000)
  region size 2048K, 11 young (22528K), 0 survivors (0K)
 Metaspace       used 7317K, committed 7488K, reserved 1056768K
  class space    used 818K, committed 896K, reserved 1048576K
}
Event: 1.413 GC heap after
{Heap after GC invocations=1 (full 0):
 garbage-first heap   total 260096K, used 6396K [0x0000000703000000, 0x0000000800000000)
  region size 2048K, 2 young (4096K), 2 survivors (4096K)
 Metaspace       used 7317K, committed 7488K, reserved 1056768K
  class space    used 818K, committed 896K, reserved 1048576K
}
Event: 2.290 GC heap before
{Heap before GC invocations=1 (full 0):
 garbage-first heap   total 260096K, used 26876K [0x0000000703000000, 0x0000000800000000)
  region size 2048K, 12 young (24576K), 2 survivors (4096K)
 Metaspace       used 13556K, committed 13760K, reserved 1064960K
  class space    used 1621K, committed 1728K, reserved 1048576K
}
Event: 2.297 GC heap after
{Heap after GC invocations=2 (full 0):
 garbage-first heap   total 260096K, used 8856K [0x0000000703000000, 0x0000000800000000)
  region size 2048K, 2 young (4096K), 2 survivors (4096K)
 Metaspace       used 13556K, committed 13760K, reserved 1064960K
  class space    used 1621K, committed 1728K, reserved 1048576K
}

Deoptimization events (20 events):
Event: 3.609 Thread 0x00000168292d4930 DEOPT PACKING pc=0x0000016838646428 sp=0x0000000d05cfd340
Event: 3.609 Thread 0x00000168292d4930 DEOPT UNPACKING pc=0x0000016830b1d72e sp=0x0000000d05cfd348 mode 2
Event: 3.609 Thread 0x00000168292d4930 Uncommon trap: trap_request=0xffffffde fr.pc=0x0000016838646428 relative=0x00000000000007a8
Event: 3.609 Thread 0x00000168292d4930 Uncommon trap: reason=class_check action=maybe_recompile pc=0x0000016838646428 method=org.openqa.selenium.json.Input.init()V @ 18 c2
Event: 3.609 Thread 0x00000168292d4930 DEOPT PACKING pc=0x0000016838646428 sp=0x0000000d05cfcee0
Event: 3.609 Thread 0x00000168292d4930 DEOPT UNPACKING pc=0x0000016830b1d72e sp=0x0000000d05cfcee8 mode 2
Event: 3.609 Thread 0x00000168292d4930 Uncommon trap: trap_request=0xffffffde fr.pc=0x0000016838646428 relative=0x00000000000007a8
Event: 3.609 Thread 0x00000168292d4930 Uncommon trap: reason=class_check action=maybe_recompile pc=0x0000016838646428 method=org.openqa.selenium.json.Input.init()V @ 18 c2
Event: 3.609 Thread 0x00000168292d4930 DEOPT PACKING pc=0x0000016838646428 sp=0x0000000d05cfc920
Event: 3.609 Thread 0x00000168292d4930 DEOPT UNPACKING pc=0x0000016830b1d72e sp=0x0000000d05cfc928 mode 2
Event: 3.609 Thread 0x00000168292d4930 Uncommon trap: trap_request=0xffffffde fr.pc=0x0000016838646428 relative=0x00000000000007a8
Event: 3.609 Thread 0x00000168292d4930 Uncommon trap: reason=class_check action=maybe_recompile pc=0x0000016838646428 method=org.openqa.selenium.json.Input.init()V @ 18 c2
Event: 3.609 Thread 0x00000168292d4930 DEOPT PACKING pc=0x0000016838646428 sp=0x0000000d05cfc920
Event: 3.609 Thread 0x00000168292d4930 DEOPT UNPACKING pc=0x0000016830b1d72e sp=0x0000000d05cfc928 mode 2
Event: 4.965 Thread 0x00000168292d4930 DEOPT PACKING pc=0x00000168312d74dc sp=0x0000000d05cfe0b0
Event: 4.965 Thread 0x00000168292d4930 DEOPT UNPACKING pc=0x0000016830b1dece sp=0x0000000d05cfd5f8 mode 1
Event: 4.967 Thread 0x00000168292d4930 Uncommon trap: trap_request=0xffffffde fr.pc=0x00000168385ff208 relative=0x0000000000001168
Event: 4.967 Thread 0x00000168292d4930 Uncommon trap: reason=class_check action=maybe_recompile pc=0x00000168385ff208 method=java.util.concurrent.ConcurrentHashMap.putVal(Ljava/lang/Object;Ljava/lang/Object;Z)Ljava/lang/Object; @ 242 c2
Event: 4.967 Thread 0x00000168292d4930 DEOPT PACKING pc=0x00000168385ff208 sp=0x0000000d05cfdf70
Event: 4.967 Thread 0x00000168292d4930 DEOPT UNPACKING pc=0x0000016830b1d72e sp=0x0000000d05cfdf10 mode 2

Classes unloaded (0 events):
No events

Classes redefined (3 events):
Event: 228.266 Thread 0x000001684c660d60 redefined class name=com.bottomline.tests.AccountCRUD, count=1
Event: 374.196 Thread 0x000001684c660d60 redefined class name=com.bottomline.tests.AccountCRUD, count=2
Event: 4912.112 Thread 0x000001684c660d60 redefined class name=com.bottomline.pages.Login, count=1

Internal exceptions (20 events):
Event: 1.950 Thread 0x000001684e5280e0 Exception <a 'java/lang/NoSuchMethodError'{0x0000000712086308}: 'void java.lang.invoke.DirectMethodHandle$Holder.invokeStatic(java.lang.Object, long)'> (0x0000000712086308) 
thrown [t:\workspace\open\src\hotspot\share\interpreter\linkResolver.cpp, line 790]
Event: 1.951 Thread 0x000001684e5280e0 Exception <a 'java/lang/NoSuchMethodError'{0x000000071208ba58}: 'java.lang.Object java.lang.invoke.DirectMethodHandle$Holder.newInvokeSpecial(java.lang.Object, long)'> (0x000000071208ba58) 
thrown [t:\workspace\open\src\hotspot\share\interpreter\linkResolver.cpp, line 790]
Event: 1.953 Thread 0x000001684e5280e0 Exception <a 'java/lang/NoSuchMethodError'{0x0000000712096128}: 'java.lang.Object java.lang.invoke.DirectMethodHandle$Holder.invokeStaticInit(java.lang.Object, java.lang.Object, long, java.lang.Object)'> (0x0000000712096128) 
thrown [t:\workspace\open\src\hotspot\share\interpreter\linkResolver.cpp, line 790]
Event: 1.954 Thread 0x000001684e5280e0 Exception <a 'java/lang/NoSuchMethodError'{0x00000007120be920}: 'java.lang.Object java.lang.invoke.DirectMethodHandle$Holder.newInvokeSpecial(java.lang.Object, java.lang.Object, long)'> (0x00000007120be920) 
thrown [t:\workspace\open\src\hotspot\share\interpreter\linkResolver.cpp, line 790]
Event: 1.954 Thread 0x000001684e5280e0 Exception <a 'java/lang/NoSuchMethodError'{0x00000007120c2690}: 'java.lang.Object java.lang.invoke.Invokers$Holder.linkToTargetMethod(java.lang.Object, long, java.lang.Object)'> (0x00000007120c2690) 
thrown [t:\workspace\open\src\hotspot\share\interpreter\linkResolver.cpp, line 790]
Event: 1.988 Thread 0x000001684e528630 Exception <a 'java/net/ConnectException'{0x00000007120a5688}: Connection refused: no further information> (0x00000007120a5688) 
thrown [t:\workspace\open\src\hotspot\share\prims\jni.cpp, line 600]
Event: 1.988 Thread 0x000001684e528630 Exception <a 'java/net/SocketException'{0x00000007120a59c0}: Socket is not connected: shutdown> (0x00000007120a59c0) 
thrown [t:\workspace\open\src\hotspot\share\prims\jni.cpp, line 600]
Event: 2.091 Thread 0x00000168292d4930 Exception <a 'java/lang/NoSuchMethodError'{0x000000071214f608}: 'java.lang.Object java.lang.invoke.DirectMethodHandle$Holder.invokeInterface(java.lang.Object, java.lang.Object, java.lang.Object)'> (0x000000071214f608) 
thrown [t:\workspace\open\src\hotspot\share\interpreter\linkResolver.cpp, line 790]
Event: 2.092 Thread 0x00000168292d4930 Exception <a 'java/lang/IncompatibleClassChangeError'{0x0000000712153368}: Found class java.lang.Object, but interface was expected> (0x0000000712153368) 
thrown [t:\workspace\open\src\hotspot\share\interpreter\linkResolver.cpp, line 857]
Event: 2.093 Thread 0x00000168292d4930 Exception <a 'java/lang/NoSuchMethodError'{0x000000071215bcc0}: 'int java.lang.invoke.DirectMethodHandle$Holder.invokeSpecialIFC(java.lang.Object, java.lang.Object, java.lang.Object, java.lang.Object)'> (0x000000071215bcc0) 
thrown [t:\workspace\open\src\hotspot\share\interpreter\linkResolver.cpp, line 790]
Event: 2.094 Thread 0x00000168292d4930 Exception <a 'java/lang/NoSuchMethodError'{0x0000000712164518}: 'java.lang.Object java.lang.invoke.DirectMethodHandle$Holder.invokeInterface(java.lang.Object, java.lang.Object, java.lang.Object, java.lang.Object)'> (0x0000000712164518) 
thrown [t:\workspace\open\src\hotspot\share\interpreter\linkResolver.cpp, line 790]
Event: 2.100 Thread 0x00000168292d4930 Exception <a 'java/lang/NoSuchMethodError'{0x000000071218b128}: 'java.lang.Object java.lang.invoke.DirectMethodHandle$Holder.invokeVirtual(java.lang.Object, java.lang.Object, java.lang.Object)'> (0x000000071218b128) 
thrown [t:\workspace\open\src\hotspot\share\interpreter\linkResolver.cpp, line 790]
Event: 2.112 Thread 0x00000168292d4930 Exception <a 'java/lang/NoSuchMethodError'{0x0000000711e06b08}: 'void java.lang.invoke.DirectMethodHandle$Holder.invokeInterface(java.lang.Object, java.lang.Object, java.lang.Object)'> (0x0000000711e06b08) 
thrown [t:\workspace\open\src\hotspot\share\interpreter\linkResolver.cpp, line 790]
Event: 2.122 Thread 0x00000168292d4930 Exception <a 'java/lang/NoSuchMethodError'{0x0000000711e68e50}: 'double java.lang.invoke.DirectMethodHandle$Holder.invokeVirtual(java.lang.Object, java.lang.Object)'> (0x0000000711e68e50) 
thrown [t:\workspace\open\src\hotspot\share\interpreter\linkResolver.cpp, line 790]
Event: 2.123 Thread 0x00000168292d4930 Exception <a 'java/lang/NoSuchMethodError'{0x0000000711e6f838}: 'float java.lang.invoke.DirectMethodHandle$Holder.invokeVirtual(java.lang.Object, java.lang.Object)'> (0x0000000711e6f838) 
thrown [t:\workspace\open\src\hotspot\share\interpreter\linkResolver.cpp, line 790]
Event: 2.125 Thread 0x00000168292d4930 Exception <a 'java/lang/NoSuchMethodError'{0x0000000711e78d08}: 'long java.lang.invoke.DirectMethodHandle$Holder.invokeVirtual(java.lang.Object, java.lang.Object)'> (0x0000000711e78d08) 
thrown [t:\workspace\open\src\hotspot\share\interpreter\linkResolver.cpp, line 790]
Event: 2.171 Thread 0x00000168292d4930 Exception <a 'java/lang/NoSuchMethodError'{0x0000000711fca948}: 'void java.lang.invoke.DirectMethodHandle$Holder.invokeSpecial(java.lang.Object, java.lang.Object, java.lang.Object, java.lang.Object, java.lang.Object)'> (0x0000000711fca948) 
thrown [t:\workspace\open\src\hotspot\share\interpreter\linkResolver.cpp, line 790]
Event: 3.619 Thread 0x00000168292d4930 Exception <a 'java/lang/NoSuchMethodError'{0x0000000712b9cb00}: 'java.lang.Object java.lang.invoke.DirectMethodHandle$Holder.invokeSpecialIFC(java.lang.Object, java.lang.Object, java.lang.Object)'> (0x0000000712b9cb00) 
thrown [t:\workspace\open\src\hotspot\share\interpreter\linkResolver.cpp, line 790]
Event: 3.635 Thread 0x00000168292d4930 Exception <a 'java/lang/NoSuchMethodError'{0x0000000712bd2800}: 'java.lang.Object java.lang.invoke.DirectMethodHandle$Holder.invokeStatic(java.lang.Object, int, java.lang.Object)'> (0x0000000712bd2800) 
thrown [t:\workspace\open\src\hotspot\share\interpreter\linkResolver.cpp, line 790]
Event: 3.644 Thread 0x00000168292d4930 Exception <a 'java/lang/ClassNotFoundException'{0x0000000712802e18}: sun/util/logging/resources/spi/loggingProvider> (0x0000000712802e18) 
thrown [t:\workspace\open\src\hotspot\share\classfile\systemDictionary.cpp, line 256]

Events (20 events):
Event: 5253.326 Executing  VM operation: get/set locals done
Event: 5253.327 Executing  VM operation: get/set locals
Event: 5253.327 Executing  VM operation: get/set locals done
Event: 5253.328 Executing  VM operation: get/set locals
Event: 5253.328 Executing  VM operation: get/set locals done
Event: 5253.329 Executing  VM operation: get/set locals
Event: 5253.329 Executing  VM operation: get/set locals done
Event: 5253.330 Executing  VM operation: get/set locals
Event: 5253.330 Executing  VM operation: get/set locals done
Event: 5253.331 Executing  VM operation: get/set locals
Event: 5253.331 Executing  VM operation: get/set locals done
Event: 5253.332 Executing  VM operation: get/set locals
Event: 5253.332 Executing  VM operation: get/set locals done
Event: 5253.333 Executing  VM operation: get/set locals
Event: 5253.333 Executing  VM operation: get/set locals done
Event: 5253.334 Executing  VM operation: get/set locals
Event: 5253.334 Executing  VM operation: get/set locals done
Event: 5253.335 Executing  VM operation: get/set locals
Event: 5253.335 Executing  VM operation: get/set locals done
Event: 5253.566 Executing  VM operation: get/set locals


Dynamic libraries:
0x00007ff6c2060000 - 0x00007ff6c2070000 	C:\Program Files\Java\jdk-16.0.1\bin\javaw.exe
0x00007ffa596c0000 - 0x00007ffa598b0000 	C:\WINDOWS\SYSTEM32\ntdll.dll
0x00007ffa593a0000 - 0x00007ffa59452000 	C:\WINDOWS\System32\KERNEL32.DLL
0x00007ffa566d0000 - 0x00007ffa56976000 	C:\WINDOWS\System32\KERNELBASE.dll
0x00007ffa57520000 - 0x00007ffa5761a000 	C:\WINDOWS\System32\ucrtbase.dll
0x00007ffa4f240000 - 0x00007ffa4f259000 	C:\Program Files\Java\jdk-16.0.1\bin\VCRUNTIME140.dll
0x00007ffa4fd50000 - 0x00007ffa4fd68000 	C:\Program Files\Java\jdk-16.0.1\bin\jli.dll
0x00007ffa58ef0000 - 0x00007ffa58f93000 	C:\WINDOWS\System32\ADVAPI32.dll
0x00007ffa57a30000 - 0x00007ffa57ace000 	C:\WINDOWS\System32\msvcrt.dll
0x00007ffa59150000 - 0x00007ffa591e7000 	C:\WINDOWS\System32\sechost.dll
0x00007ffa578b0000 - 0x00007ffa579cf000 	C:\WINDOWS\System32\RPCRT4.dll
0x00007ffa59460000 - 0x00007ffa595f4000 	C:\WINDOWS\System32\USER32.dll
0x00007ffa3c350000 - 0x00007ffa3c5d4000 	C:\WINDOWS\WinSxS\amd64_microsoft.windows.common-controls_6595b64144ccf1df_6.0.18362.1679_none_9e7ff347e45cc1b7\COMCTL32.dll
0x00007ffa56680000 - 0x00007ffa566a1000 	C:\WINDOWS\System32\win32u.dll
0x00007ffa57c80000 - 0x00007ffa57fb6000 	C:\WINDOWS\System32\combase.dll
0x00007ffa57490000 - 0x00007ffa57514000 	C:\WINDOWS\System32\bcryptPrimitives.dll
0x00007ffa58800000 - 0x00007ffa58826000 	C:\WINDOWS\System32\GDI32.dll
0x00007ffa572f0000 - 0x00007ffa57488000 	C:\WINDOWS\System32\gdi32full.dll
0x00007ffa576d0000 - 0x00007ffa5776e000 	C:\WINDOWS\System32\msvcp_win.dll
0x00007ffa4cf00000 - 0x00007ffa4cf0a000 	C:\WINDOWS\SYSTEM32\VERSION.dll
0x00007ffa59120000 - 0x00007ffa5914e000 	C:\WINDOWS\System32\IMM32.DLL
0x0000016829270000 - 0x0000016829283000 	C:\WINDOWS\System32\umppc13909.dll
0x00007ffa4fcb0000 - 0x00007ffa4fcbc000 	C:\Program Files\Java\jdk-16.0.1\bin\vcruntime140_1.dll
0x00007ffa202c0000 - 0x00007ffa20351000 	C:\Program Files\Java\jdk-16.0.1\bin\msvcp140.dll
0x00007ff9f65f0000 - 0x00007ff9f719b000 	C:\Program Files\Java\jdk-16.0.1\bin\server\jvm.dll
0x00007ffa58030000 - 0x00007ffa58038000 	C:\WINDOWS\System32\PSAPI.DLL
0x00007ffa48550000 - 0x00007ffa48559000 	C:\WINDOWS\SYSTEM32\WSOCK32.dll
0x00007ffa58fa0000 - 0x00007ffa5900f000 	C:\WINDOWS\System32\WS2_32.dll
0x00007ffa49ba0000 - 0x00007ffa49bc4000 	C:\WINDOWS\SYSTEM32\WINMM.dll
0x00007ffa49910000 - 0x00007ffa4993d000 	C:\WINDOWS\SYSTEM32\WINMMBASE.dll
0x00007ffa56630000 - 0x00007ffa5667a000 	C:\WINDOWS\System32\cfgmgr32.dll
0x00007ffa56580000 - 0x00007ffa56591000 	C:\WINDOWS\System32\kernel.appcore.dll
0x00007ffa4f440000 - 0x00007ffa4f44a000 	C:\Program Files\Java\jdk-16.0.1\bin\jimage.dll
0x00007ffa54bc0000 - 0x00007ffa54db4000 	C:\WINDOWS\SYSTEM32\DBGHELP.DLL
0x00007ffa4d0a0000 - 0x00007ffa4d0ca000 	C:\WINDOWS\SYSTEM32\dbgcore.DLL
0x00007ffa24ec0000 - 0x00007ffa24efb000 	C:\Program Files\Java\jdk-16.0.1\bin\jdwp.dll
0x00007ffa4f210000 - 0x00007ffa4f235000 	C:\Program Files\Java\jdk-16.0.1\bin\java.dll
0x00007ffa58110000 - 0x00007ffa587f7000 	C:\WINDOWS\System32\SHELL32.dll
0x00007ffa59070000 - 0x00007ffa59119000 	C:\WINDOWS\System32\shcore.dll
0x00007ffa56b70000 - 0x00007ffa572eb000 	C:\WINDOWS\System32\windows.storage.dll
0x00007ffa56610000 - 0x00007ffa5662e000 	C:\WINDOWS\System32\profapi.dll
0x00007ffa565a0000 - 0x00007ffa565ea000 	C:\WINDOWS\System32\powrprof.dll
0x00007ffa56570000 - 0x00007ffa56580000 	C:\WINDOWS\System32\UMPDC.dll
0x00007ffa59010000 - 0x00007ffa59062000 	C:\WINDOWS\System32\shlwapi.dll
0x00007ffa566b0000 - 0x00007ffa566c7000 	C:\WINDOWS\System32\cryptsp.dll
0x00007ffa4f350000 - 0x00007ffa4f35c000 	C:\Program Files\Java\jdk-16.0.1\bin\dt_socket.dll
0x00007ffa55ac0000 - 0x00007ffa55afa000 	C:\WINDOWS\SYSTEM32\IPHLPAPI.DLL
0x00007ffa55db0000 - 0x00007ffa55e17000 	C:\WINDOWS\system32\mswsock.dll
0x00007ffa55b00000 - 0x00007ffa55bca000 	C:\WINDOWS\SYSTEM32\DNSAPI.dll
0x00007ffa57c70000 - 0x00007ffa57c78000 	C:\WINDOWS\System32\NSI.dll
0x00007ffa4ce20000 - 0x00007ffa4ce2a000 	C:\Windows\System32\rasadhlp.dll
0x00007ffa514c0000 - 0x00007ffa51537000 	C:\WINDOWS\System32\fwpuclnt.dll
0x00007ffa56980000 - 0x00007ffa569a6000 	C:\WINDOWS\System32\bcrypt.dll
0x00007ffa4f0f0000 - 0x00007ffa4f109000 	C:\Program Files\Java\jdk-16.0.1\bin\net.dll
0x00007ffa4cc00000 - 0x00007ffa4ccf9000 	C:\WINDOWS\SYSTEM32\WINHTTP.dll
0x00007ffa4f0d0000 - 0x00007ffa4f0e3000 	C:\Program Files\Java\jdk-16.0.1\bin\nio.dll
0x00007ffa4f0b0000 - 0x00007ffa4f0c8000 	C:\Program Files\Java\jdk-16.0.1\bin\zip.dll
0x00007ffa556c0000 - 0x00007ffa556f3000 	C:\WINDOWS\system32\rsaenh.dll
0x00007ffa56490000 - 0x00007ffa564b5000 	C:\WINDOWS\SYSTEM32\USERENV.dll
0x00007ffa55f80000 - 0x00007ffa55f8c000 	C:\WINDOWS\SYSTEM32\CRYPTBASE.dll
0x00007ffa51400000 - 0x00007ffa51416000 	C:\WINDOWS\SYSTEM32\dhcpcsvc6.DLL
0x00007ffa513e0000 - 0x00007ffa513fc000 	C:\WINDOWS\SYSTEM32\dhcpcsvc.DLL
0x00007ffa4b2b0000 - 0x00007ffa4b2be000 	C:\Program Files\Java\jdk-16.0.1\bin\sunmscapi.dll
0x00007ffa569b0000 - 0x00007ffa56b01000 	C:\WINDOWS\System32\CRYPT32.dll
0x00007ffa565f0000 - 0x00007ffa56602000 	C:\WINDOWS\System32\MSASN1.dll
0x00007ffa56090000 - 0x00007ffa560b6000 	C:\WINDOWS\SYSTEM32\ncrypt.dll
0x00007ffa56050000 - 0x00007ffa5608b000 	C:\WINDOWS\SYSTEM32\NTASN1.dll
0x00007ffa4f2d0000 - 0x00007ffa4f2e0000 	C:\Program Files\Java\jdk-16.0.1\bin\verify.dll

dbghelp: loaded successfully - version: 4.0.5 - missing functions: none
symbol engine: initialized successfully - sym options: 0x614 - pdb path: .;C:\Program Files\Java\jdk-16.0.1\bin;C:\WINDOWS\SYSTEM32;C:\WINDOWS\WinSxS\amd64_microsoft.windows.common-controls_6595b64144ccf1df_6.0.18362.1679_none_9e7ff347e45cc1b7;C:\Program Files\Java\jdk-16.0.1\bin\server

VM Arguments:
jvm_args: -XX:+ShowCodeDetailsInExceptionMessages -agentlib:jdwp=transport=dt_socket,suspend=y,address=localhost:57970 -ea -Dfile.encoding=Cp1252 
java_command: org.testng.remote.RemoteTestNG -serport 57969 -protocol json -d C:\Users\fouad.rached\Documents\eclipse-workspace\TXGO\test-output C:\Users\fouad.rached\Documents\eclipse-workspace\TXGO\testng.xml
java_class_path (initial): C:\Users\fouad.rached\eclipse\java-2021-06\eclipse\configuration\org.eclipse.osgi\455\0\.cp\lib\testng-remote.jar;C:\Users\fouad.rached\Documents\eclipse-workspace\TXGO\target\test-classes;C:\Users\fouad.rached\Documents\eclipse-workspace\TXGO\target\classes;C:\Users\fouad.rached\Documents\eclipse-workspace\TXGO\selenium jar files\selenium-server-standalone-3.141.59.jar;C:\Users\fouad.rached\Documents\eclipse-workspace\TXGO\selenium jar files\selenium-java-3.141.59\client-combined-3.141.59.jar;C:\Users\fouad.rached\Documents\eclipse-workspace\TXGO\selenium jar files\selenium-java-3.141.59\client-combined-3.141.59-sources.jar;C:\Users\fouad.rached\Documents\eclipse-workspace\TXGO\selenium jar files\selenium-java-3.141.59\libs\byte-buddy-1.8.15.jar;C:\Users\fouad.rached\Documents\eclipse-workspace\TXGO\selenium jar files\selenium-java-3.141.59\libs\commons-exec-1.3.jar;C:\Users\fouad.rached\Documents\eclipse-workspace\TXGO\selenium jar files\selenium-java-3.141.59\libs\guava-25.0-jre.jar;C:\Users\fouad.rached\Documents\eclipse-workspace\TXGO\selenium jar files\selenium-java-3.141.59\libs\okhttp-3.11.0.jar;C:\Users\fouad.rached\Documents\eclipse-workspace\TXGO\selenium jar files\selenium-java-3.141.59\libs\okio-1.14.0.jar;C:\Users\fouad.rached\.p2\pool\plugins\org.testng_7.4.0.r202105021533.jar;C:\Users\fouad.rached\.p2\pool\plugins\com.beust.jcommander_1.78.0.jar;C:\Users\fouad.rached\.p2\pool\plugins\org.apache-extras.beanshell.bsh_2.0.0.b6.jar;C:\Users\fouad.rached\.p2\pool\plugins\org.yaml.snakeyaml_1.21.0.jar;C:\Users\fouad.rached\.p2\pool\plugins\org.webjars.jquery_3.5.1.jar;C:\Users\fouad.rached\.m2\repository\org\testng\testng\7.4.0\testng-7.4.0.jar;C:\Users\fouad.rached\.m2\repository\com\beust\jcommander\1.78\jcommander-1.78.jar;C:\Users\fouad.rached\.m2\repository\org\webjars\jquery\3.5.1\jquery-3.5.1.jar;C:\Users\fouad.rached\.m2\repository\org\seleniumhq\selenium\selenium-java\4.0.0-beta-4\selenium-java-4.0.0-beta-4.jar;C:\User
Launcher Type: SUN_STANDARD

[Global flags]
     intx CICompilerCount                          = 4                                         {product} {ergonomic}
     uint ConcGCThreads                            = 2                                         {product} {ergonomic}
     uint G1ConcRefinementThreads                  = 8                                         {product} {ergonomic}
   size_t G1HeapRegionSize                         = 2097152                                   {product} {ergonomic}
    uintx GCDrainStackTargetSize                   = 64                                        {product} {ergonomic}
   size_t InitialHeapSize                          = 266338304                                 {product} {ergonomic}
   size_t MarkStackSize                            = 4194304                                   {product} {ergonomic}
   size_t MaxHeapSize                              = 4244635648                                {product} {ergonomic}
   size_t MaxNewSize                               = 2545942528                                {product} {ergonomic}
   size_t MinHeapDeltaBytes                        = 2097152                                   {product} {ergonomic}
   size_t MinHeapSize                              = 8388608                                   {product} {ergonomic}
    uintx NonNMethodCodeHeapSize                   = 5839372                                {pd product} {ergonomic}
    uintx NonProfiledCodeHeapSize                  = 122909434                              {pd product} {ergonomic}
    uintx ProfiledCodeHeapSize                     = 122909434                              {pd product} {ergonomic}
    uintx ReservedCodeCacheSize                    = 251658240                              {pd product} {ergonomic}
     bool SegmentedCodeCache                       = true                                      {product} {ergonomic}
     bool ShowCodeDetailsInExceptionMessages       = true                                   {manageable} {command line}
   size_t SoftMaxHeapSize                          = 4244635648                             {manageable} {ergonomic}
     bool UseCompressedClassPointers               = true                           {product lp64_product} {ergonomic}
     bool UseCompressedOops                        = true                           {product lp64_product} {ergonomic}
     bool UseG1GC                                  = true                                      {product} {ergonomic}
     bool UseLargePagesIndividualAllocation        = false                                  {pd product} {ergonomic}

Logging:
Log output configuration:
 #0: stdout all=warning uptime,level,tags
 #1: stderr all=off uptime,level,tags

Environment Variables:
PATH=C:\Program Files\Common Files\Oracle\Java\javapath;C:\WINDOWS\system32;C:\WINDOWS;C:\WINDOWS\System32\Wbem;C:\WINDOWS\System32\WindowsPowerShell\v1.0\;C:\Program Files (x86)\Webex\Webex\Applications;C:\Program Files\Microsoft SQL Server\130\Tools\Binn\;C:\Program Files\Azure Data Studio\bin;C:\Program Files (x86)\Microsoft SQL Server\150\DTS\Binn\;C:\Program Files (x86)\Microsoft SQL Server\150\Tools\Binn\;C:\Program Files\Microsoft SQL Server\150\Tools\Binn\;C:\Program Files\Microsoft SQL Server\150\DTS\Binn\;C:\Program Files\Microsoft SQL Server\Client SDK\ODBC\170\Tools\Binn\;C:\Program Files\dotnet\;C:\Users\fouad.rached\AppData\Local\Microsoft\WindowsApps;C:\Users\fouad.rached\AppData\Local\Programs\Git\cmd;C:\Program Files\Azure Data Studio\bin;C:\Program Files\JetBrains\IntelliJ IDEA Community Edition 2020.3.3\bin;;C:\Users\fouad.rached\.dotnet\tools
USERNAME=Fouad.Rached
OS=Windows_NT
PROCESSOR_IDENTIFIER=Intel64 Family 6 Model 142 Stepping 12, GenuineIntel



---------------  S Y S T E M  ---------------

OS:
 Windows 10 , 64 bit Build 18362 (10.0.18362.1645)
OS uptime: 2 days 6:09 hours

CPU: total 8 (initial active 8) (4 cores per cpu, 2 threads per core) family 6 model 142 stepping 12 microcode 0xd6, cx8, cmov, fxsr, ht, mmx, 3dnowpref, sse, sse2, sse3, ssse3, sse4.1, sse4.2, popcnt, lzcnt, tsc, tscinvbit, avx, avx2, aes, erms, clmul, bmi1, bmi2, adx, fma, vzeroupper, clflush, clflushopt

Memory: 4k page, system-wide physical 16190M (7087M free)
TotalPageFile size 18622M (AvailPageFile size 5685M)
current process WorkingSet (physical memory assigned to process): 56M, peak: 121M
current process commit charge ("private bytes"): 371M, peak: 392M

vm_info: Java HotSpot(TM) 64-Bit Server VM (16.0.1+9-24) for windows-amd64 JRE (16.0.1+9-24), built on Mar 26 2021 19:31:42 by "mach5one" with MS VC++ 16.7 (VS2019)

END.
